ARM GAS  C:\Users\rex98\AppData\Local\Temp\cce8Pu1o.s 			page 1


   1              		.cpu cortex-m4
   2              		.arch armv7e-m
   3              		.fpu fpv4-sp-d16
   4              		.eabi_attribute 27, 1
   5              		.eabi_attribute 28, 1
   6              		.eabi_attribute 20, 1
   7              		.eabi_attribute 21, 1
   8              		.eabi_attribute 23, 3
   9              		.eabi_attribute 24, 1
  10              		.eabi_attribute 25, 1
  11              		.eabi_attribute 26, 1
  12              		.eabi_attribute 30, 1
  13              		.eabi_attribute 34, 1
  14              		.eabi_attribute 18, 4
  15              		.file	"main.c"
  16              		.text
  17              	.Ltext0:
  18              		.cfi_sections	.debug_frame
  19              		.file 1 "Core/Src/main.c"
  20              		.section	.text.MX_GPIO_Init,"ax",%progbits
  21              		.align	1
  22              		.syntax unified
  23              		.thumb
  24              		.thumb_func
  26              	MX_GPIO_Init:
  27              	.LFB134:
   1:Core/Src/main.c **** /* USER CODE BEGIN Header */
   2:Core/Src/main.c **** /**
   3:Core/Src/main.c ****   ******************************************************************************
   4:Core/Src/main.c ****   * @file           : main.c
   5:Core/Src/main.c ****   * @brief          : Main program body
   6:Core/Src/main.c ****   ******************************************************************************
   7:Core/Src/main.c ****   * @attention
   8:Core/Src/main.c ****   *
   9:Core/Src/main.c ****   * Copyright (c) 2026 STMicroelectronics.
  10:Core/Src/main.c ****   * All rights reserved.
  11:Core/Src/main.c ****   *
  12:Core/Src/main.c ****   * This software is licensed under terms that can be found in the LICENSE file
  13:Core/Src/main.c ****   * in the root directory of this software component.
  14:Core/Src/main.c ****   * If no LICENSE file comes with this software, it is provided AS-IS.
  15:Core/Src/main.c ****   *
  16:Core/Src/main.c ****   ******************************************************************************
  17:Core/Src/main.c ****   */
  18:Core/Src/main.c **** /* USER CODE END Header */
  19:Core/Src/main.c **** /* Includes ------------------------------------------------------------------*/
  20:Core/Src/main.c **** #include "main.h"
  21:Core/Src/main.c **** 
  22:Core/Src/main.c **** /* Private includes ----------------------------------------------------------*/
  23:Core/Src/main.c **** /* USER CODE BEGIN Includes */
  24:Core/Src/main.c **** 
  25:Core/Src/main.c **** /* USER CODE END Includes */
  26:Core/Src/main.c **** 
  27:Core/Src/main.c **** /* Private typedef -----------------------------------------------------------*/
  28:Core/Src/main.c **** /* USER CODE BEGIN PTD */
  29:Core/Src/main.c **** 
  30:Core/Src/main.c **** /* USER CODE END PTD */
  31:Core/Src/main.c **** 
ARM GAS  C:\Users\rex98\AppData\Local\Temp\cce8Pu1o.s 			page 2


  32:Core/Src/main.c **** /* Private define ------------------------------------------------------------*/
  33:Core/Src/main.c **** /* USER CODE BEGIN PD */
  34:Core/Src/main.c **** 
  35:Core/Src/main.c **** /* USER CODE END PD */
  36:Core/Src/main.c **** 
  37:Core/Src/main.c **** /* Private macro -------------------------------------------------------------*/
  38:Core/Src/main.c **** /* USER CODE BEGIN PM */
  39:Core/Src/main.c **** 
  40:Core/Src/main.c **** /* USER CODE END PM */
  41:Core/Src/main.c **** 
  42:Core/Src/main.c **** /* Private variables ---------------------------------------------------------*/
  43:Core/Src/main.c **** 
  44:Core/Src/main.c **** /* USER CODE BEGIN PV */
  45:Core/Src/main.c **** 
  46:Core/Src/main.c **** /* USER CODE END PV */
  47:Core/Src/main.c **** 
  48:Core/Src/main.c **** /* Private function prototypes -----------------------------------------------*/
  49:Core/Src/main.c **** void SystemClock_Config(void);
  50:Core/Src/main.c **** static void MX_GPIO_Init(void);
  51:Core/Src/main.c **** /* USER CODE BEGIN PFP */
  52:Core/Src/main.c **** 
  53:Core/Src/main.c **** /* USER CODE END PFP */
  54:Core/Src/main.c **** 
  55:Core/Src/main.c **** /* Private user code ---------------------------------------------------------*/
  56:Core/Src/main.c **** /* USER CODE BEGIN 0 */
  57:Core/Src/main.c **** 
  58:Core/Src/main.c **** /* USER CODE END 0 */
  59:Core/Src/main.c **** 
  60:Core/Src/main.c **** /**
  61:Core/Src/main.c ****   * @brief  The application entry point.
  62:Core/Src/main.c ****   * @retval int
  63:Core/Src/main.c ****   */
  64:Core/Src/main.c **** int main(void)
  65:Core/Src/main.c **** {
  66:Core/Src/main.c **** 
  67:Core/Src/main.c ****   /* USER CODE BEGIN 1 */
  68:Core/Src/main.c **** 
  69:Core/Src/main.c ****   /* USER CODE END 1 */
  70:Core/Src/main.c **** 
  71:Core/Src/main.c ****   /* MCU Configuration--------------------------------------------------------*/
  72:Core/Src/main.c **** 
  73:Core/Src/main.c ****   /* Reset of all peripherals, Initializes the Flash interface and the Systick. */
  74:Core/Src/main.c ****   HAL_Init();
  75:Core/Src/main.c **** 
  76:Core/Src/main.c ****   /* USER CODE BEGIN Init */
  77:Core/Src/main.c **** 
  78:Core/Src/main.c ****   /* USER CODE END Init */
  79:Core/Src/main.c **** 
  80:Core/Src/main.c ****   /* Configure the system clock */
  81:Core/Src/main.c ****   SystemClock_Config();
  82:Core/Src/main.c **** 
  83:Core/Src/main.c ****   /* USER CODE BEGIN SysInit */
  84:Core/Src/main.c **** 
  85:Core/Src/main.c ****   /* USER CODE END SysInit */
  86:Core/Src/main.c **** 
  87:Core/Src/main.c ****   /* Initialize all configured peripherals */
  88:Core/Src/main.c ****   MX_GPIO_Init();
ARM GAS  C:\Users\rex98\AppData\Local\Temp\cce8Pu1o.s 			page 3


  89:Core/Src/main.c ****   /* USER CODE BEGIN 2 */
  90:Core/Src/main.c **** 
  91:Core/Src/main.c ****   /* USER CODE END 2 */
  92:Core/Src/main.c **** 
  93:Core/Src/main.c ****   /* Infinite loop */
  94:Core/Src/main.c ****   /* USER CODE BEGIN WHILE */
  95:Core/Src/main.c ****   while (1)
  96:Core/Src/main.c ****   {
  97:Core/Src/main.c ****     /* USER CODE END WHILE */
  98:Core/Src/main.c **** 
  99:Core/Src/main.c ****     /* USER CODE BEGIN 3 */
 100:Core/Src/main.c ****   }
 101:Core/Src/main.c ****   /* USER CODE END 3 */
 102:Core/Src/main.c **** }
 103:Core/Src/main.c **** 
 104:Core/Src/main.c **** /**
 105:Core/Src/main.c ****   * @brief System Clock Configuration
 106:Core/Src/main.c ****   * @retval None
 107:Core/Src/main.c ****   */
 108:Core/Src/main.c **** void SystemClock_Config(void)
 109:Core/Src/main.c **** {
 110:Core/Src/main.c ****   RCC_OscInitTypeDef RCC_OscInitStruct = {0};
 111:Core/Src/main.c ****   RCC_ClkInitTypeDef RCC_ClkInitStruct = {0};
 112:Core/Src/main.c **** 
 113:Core/Src/main.c ****   /** Configure the main internal regulator output voltage
 114:Core/Src/main.c ****   */
 115:Core/Src/main.c ****   HAL_PWREx_ControlVoltageScaling(PWR_REGULATOR_VOLTAGE_SCALE1);
 116:Core/Src/main.c **** 
 117:Core/Src/main.c ****   /** Initializes the RCC Oscillators according to the specified parameters
 118:Core/Src/main.c ****   * in the RCC_OscInitTypeDef structure.
 119:Core/Src/main.c ****   */
 120:Core/Src/main.c ****   RCC_OscInitStruct.OscillatorType = RCC_OSCILLATORTYPE_HSI;
 121:Core/Src/main.c ****   RCC_OscInitStruct.HSIState = RCC_HSI_ON;
 122:Core/Src/main.c ****   RCC_OscInitStruct.HSICalibrationValue = RCC_HSICALIBRATION_DEFAULT;
 123:Core/Src/main.c ****   RCC_OscInitStruct.PLL.PLLState = RCC_PLL_NONE;
 124:Core/Src/main.c ****   if (HAL_RCC_OscConfig(&RCC_OscInitStruct) != HAL_OK)
 125:Core/Src/main.c ****   {
 126:Core/Src/main.c ****     Error_Handler();
 127:Core/Src/main.c ****   }
 128:Core/Src/main.c **** 
 129:Core/Src/main.c ****   /** Initializes the CPU, AHB and APB buses clocks
 130:Core/Src/main.c ****   */
 131:Core/Src/main.c ****   RCC_ClkInitStruct.ClockType = RCC_CLOCKTYPE_HCLK|RCC_CLOCKTYPE_SYSCLK
 132:Core/Src/main.c ****                               |RCC_CLOCKTYPE_PCLK1|RCC_CLOCKTYPE_PCLK2;
 133:Core/Src/main.c ****   RCC_ClkInitStruct.SYSCLKSource = RCC_SYSCLKSOURCE_HSI;
 134:Core/Src/main.c ****   RCC_ClkInitStruct.AHBCLKDivider = RCC_SYSCLK_DIV1;
 135:Core/Src/main.c ****   RCC_ClkInitStruct.APB1CLKDivider = RCC_HCLK_DIV1;
 136:Core/Src/main.c ****   RCC_ClkInitStruct.APB2CLKDivider = RCC_HCLK_DIV1;
 137:Core/Src/main.c **** 
 138:Core/Src/main.c ****   if (HAL_RCC_ClockConfig(&RCC_ClkInitStruct, FLASH_LATENCY_0) != HAL_OK)
 139:Core/Src/main.c ****   {
 140:Core/Src/main.c ****     Error_Handler();
 141:Core/Src/main.c ****   }
 142:Core/Src/main.c **** }
 143:Core/Src/main.c **** 
 144:Core/Src/main.c **** /**
 145:Core/Src/main.c ****   * @brief GPIO Initialization Function
ARM GAS  C:\Users\rex98\AppData\Local\Temp\cce8Pu1o.s 			page 4


 146:Core/Src/main.c ****   * @param None
 147:Core/Src/main.c ****   * @retval None
 148:Core/Src/main.c ****   */
 149:Core/Src/main.c **** static void MX_GPIO_Init(void)
 150:Core/Src/main.c **** {
  28              		.loc 1 150 1 view -0
  29              		.cfi_startproc
  30              		@ args = 0, pretend = 0, frame = 8
  31              		@ frame_needed = 0, uses_anonymous_args = 0
  32              		@ link register save eliminated.
  33 0000 82B0     		sub	sp, sp, #8
  34              	.LCFI0:
  35              		.cfi_def_cfa_offset 8
 151:Core/Src/main.c ****   /* USER CODE BEGIN MX_GPIO_Init_1 */
 152:Core/Src/main.c **** 
 153:Core/Src/main.c ****   /* USER CODE END MX_GPIO_Init_1 */
 154:Core/Src/main.c **** 
 155:Core/Src/main.c ****   /* GPIO Ports Clock Enable */
 156:Core/Src/main.c ****   __HAL_RCC_GPIOA_CLK_ENABLE();
  36              		.loc 1 156 3 view .LVU1
  37              	.LBB4:
  38              		.loc 1 156 3 view .LVU2
  39              		.loc 1 156 3 view .LVU3
  40 0002 064B     		ldr	r3, .L3
  41 0004 DA6C     		ldr	r2, [r3, #76]
  42 0006 42F00102 		orr	r2, r2, #1
  43 000a DA64     		str	r2, [r3, #76]
  44              		.loc 1 156 3 view .LVU4
  45 000c DB6C     		ldr	r3, [r3, #76]
  46 000e 03F00103 		and	r3, r3, #1
  47 0012 0193     		str	r3, [sp, #4]
  48              		.loc 1 156 3 view .LVU5
  49 0014 019B     		ldr	r3, [sp, #4]
  50              	.LBE4:
  51              		.loc 1 156 3 view .LVU6
 157:Core/Src/main.c **** 
 158:Core/Src/main.c ****   /* USER CODE BEGIN MX_GPIO_Init_2 */
 159:Core/Src/main.c **** 
 160:Core/Src/main.c ****   /* USER CODE END MX_GPIO_Init_2 */
 161:Core/Src/main.c **** }
  52              		.loc 1 161 1 is_stmt 0 view .LVU7
  53 0016 02B0     		add	sp, sp, #8
  54              	.LCFI1:
  55              		.cfi_def_cfa_offset 0
  56              		@ sp needed
  57 0018 7047     		bx	lr
  58              	.L4:
  59 001a 00BF     		.align	2
  60              	.L3:
  61 001c 00100240 		.word	1073876992
  62              		.cfi_endproc
  63              	.LFE134:
  65              		.section	.text.Error_Handler,"ax",%progbits
  66              		.align	1
  67              		.global	Error_Handler
  68              		.syntax unified
  69              		.thumb
ARM GAS  C:\Users\rex98\AppData\Local\Temp\cce8Pu1o.s 			page 5


  70              		.thumb_func
  72              	Error_Handler:
  73              	.LFB135:
 162:Core/Src/main.c **** 
 163:Core/Src/main.c **** /* USER CODE BEGIN 4 */
 164:Core/Src/main.c **** 
 165:Core/Src/main.c **** /* USER CODE END 4 */
 166:Core/Src/main.c **** 
 167:Core/Src/main.c **** /**
 168:Core/Src/main.c ****   * @brief  This function is executed in case of error occurrence.
 169:Core/Src/main.c ****   * @retval None
 170:Core/Src/main.c ****   */
 171:Core/Src/main.c **** void Error_Handler(void)
 172:Core/Src/main.c **** {
  74              		.loc 1 172 1 is_stmt 1 view -0
  75              		.cfi_startproc
  76              		@ Volatile: function does not return.
  77              		@ args = 0, pretend = 0, frame = 0
  78              		@ frame_needed = 0, uses_anonymous_args = 0
  79              		@ link register save eliminated.
 173:Core/Src/main.c ****   /* USER CODE BEGIN Error_Handler_Debug */
 174:Core/Src/main.c ****   /* User can add his own implementation to report the HAL error return state */
 175:Core/Src/main.c ****   __disable_irq();
  80              		.loc 1 175 3 view .LVU9
  81              	.LBB5:
  82              	.LBI5:
  83              		.file 2 "Drivers/CMSIS/Include/cmsis_gcc.h"
   1:Drivers/CMSIS/Include/cmsis_gcc.h **** /**************************************************************************//**
   2:Drivers/CMSIS/Include/cmsis_gcc.h ****  * @file     cmsis_gcc.h
   3:Drivers/CMSIS/Include/cmsis_gcc.h ****  * @brief    CMSIS compiler GCC header file
   4:Drivers/CMSIS/Include/cmsis_gcc.h ****  * @version  V5.2.0
   5:Drivers/CMSIS/Include/cmsis_gcc.h ****  * @date     08. May 2019
   6:Drivers/CMSIS/Include/cmsis_gcc.h ****  ******************************************************************************/
   7:Drivers/CMSIS/Include/cmsis_gcc.h **** /*
   8:Drivers/CMSIS/Include/cmsis_gcc.h ****  * Copyright (c) 2009-2019 Arm Limited. All rights reserved.
   9:Drivers/CMSIS/Include/cmsis_gcc.h ****  *
  10:Drivers/CMSIS/Include/cmsis_gcc.h ****  * SPDX-License-Identifier: Apache-2.0
  11:Drivers/CMSIS/Include/cmsis_gcc.h ****  *
  12:Drivers/CMSIS/Include/cmsis_gcc.h ****  * Licensed under the Apache License, Version 2.0 (the License); you may
  13:Drivers/CMSIS/Include/cmsis_gcc.h ****  * not use this file except in compliance with the License.
  14:Drivers/CMSIS/Include/cmsis_gcc.h ****  * You may obtain a copy of the License at
  15:Drivers/CMSIS/Include/cmsis_gcc.h ****  *
  16:Drivers/CMSIS/Include/cmsis_gcc.h ****  * www.apache.org/licenses/LICENSE-2.0
  17:Drivers/CMSIS/Include/cmsis_gcc.h ****  *
  18:Drivers/CMSIS/Include/cmsis_gcc.h ****  * Unless required by applicable law or agreed to in writing, software
  19:Drivers/CMSIS/Include/cmsis_gcc.h ****  * distributed under the License is distributed on an AS IS BASIS, WITHOUT
  20:Drivers/CMSIS/Include/cmsis_gcc.h ****  * WARRANTIES OR CONDITIONS OF ANY KIND, either express or implied.
  21:Drivers/CMSIS/Include/cmsis_gcc.h ****  * See the License for the specific language governing permissions and
  22:Drivers/CMSIS/Include/cmsis_gcc.h ****  * limitations under the License.
  23:Drivers/CMSIS/Include/cmsis_gcc.h ****  */
  24:Drivers/CMSIS/Include/cmsis_gcc.h **** 
  25:Drivers/CMSIS/Include/cmsis_gcc.h **** #ifndef __CMSIS_GCC_H
  26:Drivers/CMSIS/Include/cmsis_gcc.h **** #define __CMSIS_GCC_H
  27:Drivers/CMSIS/Include/cmsis_gcc.h **** 
  28:Drivers/CMSIS/Include/cmsis_gcc.h **** /* ignore some GCC warnings */
  29:Drivers/CMSIS/Include/cmsis_gcc.h **** #pragma GCC diagnostic push
  30:Drivers/CMSIS/Include/cmsis_gcc.h **** #pragma GCC diagnostic ignored "-Wsign-conversion"
ARM GAS  C:\Users\rex98\AppData\Local\Temp\cce8Pu1o.s 			page 6


  31:Drivers/CMSIS/Include/cmsis_gcc.h **** #pragma GCC diagnostic ignored "-Wconversion"
  32:Drivers/CMSIS/Include/cmsis_gcc.h **** #pragma GCC diagnostic ignored "-Wunused-parameter"
  33:Drivers/CMSIS/Include/cmsis_gcc.h **** 
  34:Drivers/CMSIS/Include/cmsis_gcc.h **** /* Fallback for __has_builtin */
  35:Drivers/CMSIS/Include/cmsis_gcc.h **** #ifndef __has_builtin
  36:Drivers/CMSIS/Include/cmsis_gcc.h ****   #define __has_builtin(x) (0)
  37:Drivers/CMSIS/Include/cmsis_gcc.h **** #endif
  38:Drivers/CMSIS/Include/cmsis_gcc.h **** 
  39:Drivers/CMSIS/Include/cmsis_gcc.h **** /* CMSIS compiler specific defines */
  40:Drivers/CMSIS/Include/cmsis_gcc.h **** #ifndef   __ASM
  41:Drivers/CMSIS/Include/cmsis_gcc.h ****   #define __ASM                                  __asm
  42:Drivers/CMSIS/Include/cmsis_gcc.h **** #endif
  43:Drivers/CMSIS/Include/cmsis_gcc.h **** #ifndef   __INLINE
  44:Drivers/CMSIS/Include/cmsis_gcc.h ****   #define __INLINE                               inline
  45:Drivers/CMSIS/Include/cmsis_gcc.h **** #endif
  46:Drivers/CMSIS/Include/cmsis_gcc.h **** #ifndef   __STATIC_INLINE
  47:Drivers/CMSIS/Include/cmsis_gcc.h ****   #define __STATIC_INLINE                        static inline
  48:Drivers/CMSIS/Include/cmsis_gcc.h **** #endif
  49:Drivers/CMSIS/Include/cmsis_gcc.h **** #ifndef   __STATIC_FORCEINLINE                 
  50:Drivers/CMSIS/Include/cmsis_gcc.h ****   #define __STATIC_FORCEINLINE                   __attribute__((always_inline)) static inline
  51:Drivers/CMSIS/Include/cmsis_gcc.h **** #endif                                           
  52:Drivers/CMSIS/Include/cmsis_gcc.h **** #ifndef   __NO_RETURN
  53:Drivers/CMSIS/Include/cmsis_gcc.h ****   #define __NO_RETURN                            __attribute__((__noreturn__))
  54:Drivers/CMSIS/Include/cmsis_gcc.h **** #endif
  55:Drivers/CMSIS/Include/cmsis_gcc.h **** #ifndef   __USED
  56:Drivers/CMSIS/Include/cmsis_gcc.h ****   #define __USED                                 __attribute__((used))
  57:Drivers/CMSIS/Include/cmsis_gcc.h **** #endif
  58:Drivers/CMSIS/Include/cmsis_gcc.h **** #ifndef   __WEAK
  59:Drivers/CMSIS/Include/cmsis_gcc.h ****   #define __WEAK                                 __attribute__((weak))
  60:Drivers/CMSIS/Include/cmsis_gcc.h **** #endif
  61:Drivers/CMSIS/Include/cmsis_gcc.h **** #ifndef   __PACKED
  62:Drivers/CMSIS/Include/cmsis_gcc.h ****   #define __PACKED                               __attribute__((packed, aligned(1)))
  63:Drivers/CMSIS/Include/cmsis_gcc.h **** #endif
  64:Drivers/CMSIS/Include/cmsis_gcc.h **** #ifndef   __PACKED_STRUCT
  65:Drivers/CMSIS/Include/cmsis_gcc.h ****   #define __PACKED_STRUCT                        struct __attribute__((packed, aligned(1)))
  66:Drivers/CMSIS/Include/cmsis_gcc.h **** #endif
  67:Drivers/CMSIS/Include/cmsis_gcc.h **** #ifndef   __PACKED_UNION
  68:Drivers/CMSIS/Include/cmsis_gcc.h ****   #define __PACKED_UNION                         union __attribute__((packed, aligned(1)))
  69:Drivers/CMSIS/Include/cmsis_gcc.h **** #endif
  70:Drivers/CMSIS/Include/cmsis_gcc.h **** #ifndef   __UNALIGNED_UINT32        /* deprecated */
  71:Drivers/CMSIS/Include/cmsis_gcc.h ****   #pragma GCC diagnostic push
  72:Drivers/CMSIS/Include/cmsis_gcc.h ****   #pragma GCC diagnostic ignored "-Wpacked"
  73:Drivers/CMSIS/Include/cmsis_gcc.h ****   #pragma GCC diagnostic ignored "-Wattributes"
  74:Drivers/CMSIS/Include/cmsis_gcc.h ****   struct __attribute__((packed)) T_UINT32 { uint32_t v; };
  75:Drivers/CMSIS/Include/cmsis_gcc.h ****   #pragma GCC diagnostic pop
  76:Drivers/CMSIS/Include/cmsis_gcc.h ****   #define __UNALIGNED_UINT32(x)                  (((struct T_UINT32 *)(x))->v)
  77:Drivers/CMSIS/Include/cmsis_gcc.h **** #endif
  78:Drivers/CMSIS/Include/cmsis_gcc.h **** #ifndef   __UNALIGNED_UINT16_WRITE
  79:Drivers/CMSIS/Include/cmsis_gcc.h ****   #pragma GCC diagnostic push
  80:Drivers/CMSIS/Include/cmsis_gcc.h ****   #pragma GCC diagnostic ignored "-Wpacked"
  81:Drivers/CMSIS/Include/cmsis_gcc.h ****   #pragma GCC diagnostic ignored "-Wattributes"
  82:Drivers/CMSIS/Include/cmsis_gcc.h ****   __PACKED_STRUCT T_UINT16_WRITE { uint16_t v; };
  83:Drivers/CMSIS/Include/cmsis_gcc.h ****   #pragma GCC diagnostic pop
  84:Drivers/CMSIS/Include/cmsis_gcc.h ****   #define __UNALIGNED_UINT16_WRITE(addr, val)    (void)((((struct T_UINT16_WRITE *)(void *)(addr))-
  85:Drivers/CMSIS/Include/cmsis_gcc.h **** #endif
  86:Drivers/CMSIS/Include/cmsis_gcc.h **** #ifndef   __UNALIGNED_UINT16_READ
  87:Drivers/CMSIS/Include/cmsis_gcc.h ****   #pragma GCC diagnostic push
ARM GAS  C:\Users\rex98\AppData\Local\Temp\cce8Pu1o.s 			page 7


  88:Drivers/CMSIS/Include/cmsis_gcc.h ****   #pragma GCC diagnostic ignored "-Wpacked"
  89:Drivers/CMSIS/Include/cmsis_gcc.h ****   #pragma GCC diagnostic ignored "-Wattributes"
  90:Drivers/CMSIS/Include/cmsis_gcc.h ****   __PACKED_STRUCT T_UINT16_READ { uint16_t v; };
  91:Drivers/CMSIS/Include/cmsis_gcc.h ****   #pragma GCC diagnostic pop
  92:Drivers/CMSIS/Include/cmsis_gcc.h ****   #define __UNALIGNED_UINT16_READ(addr)          (((const struct T_UINT16_READ *)(const void *)(add
  93:Drivers/CMSIS/Include/cmsis_gcc.h **** #endif
  94:Drivers/CMSIS/Include/cmsis_gcc.h **** #ifndef   __UNALIGNED_UINT32_WRITE
  95:Drivers/CMSIS/Include/cmsis_gcc.h ****   #pragma GCC diagnostic push
  96:Drivers/CMSIS/Include/cmsis_gcc.h ****   #pragma GCC diagnostic ignored "-Wpacked"
  97:Drivers/CMSIS/Include/cmsis_gcc.h ****   #pragma GCC diagnostic ignored "-Wattributes"
  98:Drivers/CMSIS/Include/cmsis_gcc.h ****   __PACKED_STRUCT T_UINT32_WRITE { uint32_t v; };
  99:Drivers/CMSIS/Include/cmsis_gcc.h ****   #pragma GCC diagnostic pop
 100:Drivers/CMSIS/Include/cmsis_gcc.h ****   #define __UNALIGNED_UINT32_WRITE(addr, val)    (void)((((struct T_UINT32_WRITE *)(void *)(addr))-
 101:Drivers/CMSIS/Include/cmsis_gcc.h **** #endif
 102:Drivers/CMSIS/Include/cmsis_gcc.h **** #ifndef   __UNALIGNED_UINT32_READ
 103:Drivers/CMSIS/Include/cmsis_gcc.h ****   #pragma GCC diagnostic push
 104:Drivers/CMSIS/Include/cmsis_gcc.h ****   #pragma GCC diagnostic ignored "-Wpacked"
 105:Drivers/CMSIS/Include/cmsis_gcc.h ****   #pragma GCC diagnostic ignored "-Wattributes"
 106:Drivers/CMSIS/Include/cmsis_gcc.h ****   __PACKED_STRUCT T_UINT32_READ { uint32_t v; };
 107:Drivers/CMSIS/Include/cmsis_gcc.h ****   #pragma GCC diagnostic pop
 108:Drivers/CMSIS/Include/cmsis_gcc.h ****   #define __UNALIGNED_UINT32_READ(addr)          (((const struct T_UINT32_READ *)(const void *)(add
 109:Drivers/CMSIS/Include/cmsis_gcc.h **** #endif
 110:Drivers/CMSIS/Include/cmsis_gcc.h **** #ifndef   __ALIGNED
 111:Drivers/CMSIS/Include/cmsis_gcc.h ****   #define __ALIGNED(x)                           __attribute__((aligned(x)))
 112:Drivers/CMSIS/Include/cmsis_gcc.h **** #endif
 113:Drivers/CMSIS/Include/cmsis_gcc.h **** #ifndef   __RESTRICT
 114:Drivers/CMSIS/Include/cmsis_gcc.h ****   #define __RESTRICT                             __restrict
 115:Drivers/CMSIS/Include/cmsis_gcc.h **** #endif
 116:Drivers/CMSIS/Include/cmsis_gcc.h **** #ifndef   __COMPILER_BARRIER
 117:Drivers/CMSIS/Include/cmsis_gcc.h ****   #define __COMPILER_BARRIER()                   __ASM volatile("":::"memory")
 118:Drivers/CMSIS/Include/cmsis_gcc.h **** #endif
 119:Drivers/CMSIS/Include/cmsis_gcc.h **** 
 120:Drivers/CMSIS/Include/cmsis_gcc.h **** /* #########################  Startup and Lowlevel Init  ######################## */
 121:Drivers/CMSIS/Include/cmsis_gcc.h **** 
 122:Drivers/CMSIS/Include/cmsis_gcc.h **** #ifndef __PROGRAM_START
 123:Drivers/CMSIS/Include/cmsis_gcc.h **** 
 124:Drivers/CMSIS/Include/cmsis_gcc.h **** /**
 125:Drivers/CMSIS/Include/cmsis_gcc.h ****   \brief   Initializes data and bss sections
 126:Drivers/CMSIS/Include/cmsis_gcc.h ****   \details This default implementations initialized all data and additional bss
 127:Drivers/CMSIS/Include/cmsis_gcc.h ****            sections relying on .copy.table and .zero.table specified properly
 128:Drivers/CMSIS/Include/cmsis_gcc.h ****            in the used linker script.
 129:Drivers/CMSIS/Include/cmsis_gcc.h ****   
 130:Drivers/CMSIS/Include/cmsis_gcc.h ****  */
 131:Drivers/CMSIS/Include/cmsis_gcc.h **** __STATIC_FORCEINLINE __NO_RETURN void __cmsis_start(void)
 132:Drivers/CMSIS/Include/cmsis_gcc.h **** {
 133:Drivers/CMSIS/Include/cmsis_gcc.h ****   extern void _start(void) __NO_RETURN;
 134:Drivers/CMSIS/Include/cmsis_gcc.h ****   
 135:Drivers/CMSIS/Include/cmsis_gcc.h ****   typedef struct {
 136:Drivers/CMSIS/Include/cmsis_gcc.h ****     uint32_t const* src;
 137:Drivers/CMSIS/Include/cmsis_gcc.h ****     uint32_t* dest;
 138:Drivers/CMSIS/Include/cmsis_gcc.h ****     uint32_t  wlen;
 139:Drivers/CMSIS/Include/cmsis_gcc.h ****   } __copy_table_t;
 140:Drivers/CMSIS/Include/cmsis_gcc.h ****   
 141:Drivers/CMSIS/Include/cmsis_gcc.h ****   typedef struct {
 142:Drivers/CMSIS/Include/cmsis_gcc.h ****     uint32_t* dest;
 143:Drivers/CMSIS/Include/cmsis_gcc.h ****     uint32_t  wlen;
 144:Drivers/CMSIS/Include/cmsis_gcc.h ****   } __zero_table_t;
ARM GAS  C:\Users\rex98\AppData\Local\Temp\cce8Pu1o.s 			page 8


 145:Drivers/CMSIS/Include/cmsis_gcc.h ****   
 146:Drivers/CMSIS/Include/cmsis_gcc.h ****   extern const __copy_table_t __copy_table_start__;
 147:Drivers/CMSIS/Include/cmsis_gcc.h ****   extern const __copy_table_t __copy_table_end__;
 148:Drivers/CMSIS/Include/cmsis_gcc.h ****   extern const __zero_table_t __zero_table_start__;
 149:Drivers/CMSIS/Include/cmsis_gcc.h ****   extern const __zero_table_t __zero_table_end__;
 150:Drivers/CMSIS/Include/cmsis_gcc.h **** 
 151:Drivers/CMSIS/Include/cmsis_gcc.h ****   for (__copy_table_t const* pTable = &__copy_table_start__; pTable < &__copy_table_end__; ++pTable
 152:Drivers/CMSIS/Include/cmsis_gcc.h ****     for(uint32_t i=0u; i<pTable->wlen; ++i) {
 153:Drivers/CMSIS/Include/cmsis_gcc.h ****       pTable->dest[i] = pTable->src[i];
 154:Drivers/CMSIS/Include/cmsis_gcc.h ****     }
 155:Drivers/CMSIS/Include/cmsis_gcc.h ****   }
 156:Drivers/CMSIS/Include/cmsis_gcc.h ****  
 157:Drivers/CMSIS/Include/cmsis_gcc.h ****   for (__zero_table_t const* pTable = &__zero_table_start__; pTable < &__zero_table_end__; ++pTable
 158:Drivers/CMSIS/Include/cmsis_gcc.h ****     for(uint32_t i=0u; i<pTable->wlen; ++i) {
 159:Drivers/CMSIS/Include/cmsis_gcc.h ****       pTable->dest[i] = 0u;
 160:Drivers/CMSIS/Include/cmsis_gcc.h ****     }
 161:Drivers/CMSIS/Include/cmsis_gcc.h ****   }
 162:Drivers/CMSIS/Include/cmsis_gcc.h ****  
 163:Drivers/CMSIS/Include/cmsis_gcc.h ****   _start();
 164:Drivers/CMSIS/Include/cmsis_gcc.h **** }
 165:Drivers/CMSIS/Include/cmsis_gcc.h ****   
 166:Drivers/CMSIS/Include/cmsis_gcc.h **** #define __PROGRAM_START           __cmsis_start
 167:Drivers/CMSIS/Include/cmsis_gcc.h **** #endif
 168:Drivers/CMSIS/Include/cmsis_gcc.h **** 
 169:Drivers/CMSIS/Include/cmsis_gcc.h **** #ifndef __INITIAL_SP
 170:Drivers/CMSIS/Include/cmsis_gcc.h **** #define __INITIAL_SP              __StackTop
 171:Drivers/CMSIS/Include/cmsis_gcc.h **** #endif
 172:Drivers/CMSIS/Include/cmsis_gcc.h **** 
 173:Drivers/CMSIS/Include/cmsis_gcc.h **** #ifndef __STACK_LIMIT
 174:Drivers/CMSIS/Include/cmsis_gcc.h **** #define __STACK_LIMIT             __StackLimit
 175:Drivers/CMSIS/Include/cmsis_gcc.h **** #endif
 176:Drivers/CMSIS/Include/cmsis_gcc.h **** 
 177:Drivers/CMSIS/Include/cmsis_gcc.h **** #ifndef __VECTOR_TABLE
 178:Drivers/CMSIS/Include/cmsis_gcc.h **** #define __VECTOR_TABLE            __Vectors
 179:Drivers/CMSIS/Include/cmsis_gcc.h **** #endif
 180:Drivers/CMSIS/Include/cmsis_gcc.h **** 
 181:Drivers/CMSIS/Include/cmsis_gcc.h **** #ifndef __VECTOR_TABLE_ATTRIBUTE
 182:Drivers/CMSIS/Include/cmsis_gcc.h **** #define __VECTOR_TABLE_ATTRIBUTE  __attribute((used, section(".vectors")))
 183:Drivers/CMSIS/Include/cmsis_gcc.h **** #endif
 184:Drivers/CMSIS/Include/cmsis_gcc.h **** 
 185:Drivers/CMSIS/Include/cmsis_gcc.h **** /* ###########################  Core Function Access  ########################### */
 186:Drivers/CMSIS/Include/cmsis_gcc.h **** /** \ingroup  CMSIS_Core_FunctionInterface
 187:Drivers/CMSIS/Include/cmsis_gcc.h ****     \defgroup CMSIS_Core_RegAccFunctions CMSIS Core Register Access Functions
 188:Drivers/CMSIS/Include/cmsis_gcc.h ****   @{
 189:Drivers/CMSIS/Include/cmsis_gcc.h ****  */
 190:Drivers/CMSIS/Include/cmsis_gcc.h **** 
 191:Drivers/CMSIS/Include/cmsis_gcc.h **** /**
 192:Drivers/CMSIS/Include/cmsis_gcc.h ****   \brief   Enable IRQ Interrupts
 193:Drivers/CMSIS/Include/cmsis_gcc.h ****   \details Enables IRQ interrupts by clearing the I-bit in the CPSR.
 194:Drivers/CMSIS/Include/cmsis_gcc.h ****            Can only be executed in Privileged modes.
 195:Drivers/CMSIS/Include/cmsis_gcc.h ****  */
 196:Drivers/CMSIS/Include/cmsis_gcc.h **** __STATIC_FORCEINLINE void __enable_irq(void)
 197:Drivers/CMSIS/Include/cmsis_gcc.h **** {
 198:Drivers/CMSIS/Include/cmsis_gcc.h ****   __ASM volatile ("cpsie i" : : : "memory");
 199:Drivers/CMSIS/Include/cmsis_gcc.h **** }
 200:Drivers/CMSIS/Include/cmsis_gcc.h **** 
 201:Drivers/CMSIS/Include/cmsis_gcc.h **** 
ARM GAS  C:\Users\rex98\AppData\Local\Temp\cce8Pu1o.s 			page 9


 202:Drivers/CMSIS/Include/cmsis_gcc.h **** /**
 203:Drivers/CMSIS/Include/cmsis_gcc.h ****   \brief   Disable IRQ Interrupts
 204:Drivers/CMSIS/Include/cmsis_gcc.h ****   \details Disables IRQ interrupts by setting the I-bit in the CPSR.
 205:Drivers/CMSIS/Include/cmsis_gcc.h ****            Can only be executed in Privileged modes.
 206:Drivers/CMSIS/Include/cmsis_gcc.h ****  */
 207:Drivers/CMSIS/Include/cmsis_gcc.h **** __STATIC_FORCEINLINE void __disable_irq(void)
  84              		.loc 2 207 27 view .LVU10
  85              	.LBB6:
 208:Drivers/CMSIS/Include/cmsis_gcc.h **** {
 209:Drivers/CMSIS/Include/cmsis_gcc.h ****   __ASM volatile ("cpsid i" : : : "memory");
  86              		.loc 2 209 3 view .LVU11
  87              		.syntax unified
  88              	@ 209 "Drivers/CMSIS/Include/cmsis_gcc.h" 1
  89 0000 72B6     		cpsid i
  90              	@ 0 "" 2
  91              		.thumb
  92              		.syntax unified
  93              	.L6:
  94              	.LBE6:
  95              	.LBE5:
 176:Core/Src/main.c ****   while (1)
  96              		.loc 1 176 3 view .LVU12
 177:Core/Src/main.c ****   {
 178:Core/Src/main.c ****   }
  97              		.loc 1 178 3 view .LVU13
 176:Core/Src/main.c ****   while (1)
  98              		.loc 1 176 9 view .LVU14
  99 0002 FEE7     		b	.L6
 100              		.cfi_endproc
 101              	.LFE135:
 103              		.section	.text.SystemClock_Config,"ax",%progbits
 104              		.align	1
 105              		.global	SystemClock_Config
 106              		.syntax unified
 107              		.thumb
 108              		.thumb_func
 110              	SystemClock_Config:
 111              	.LFB133:
 109:Core/Src/main.c ****   RCC_OscInitTypeDef RCC_OscInitStruct = {0};
 112              		.loc 1 109 1 view -0
 113              		.cfi_startproc
 114              		@ args = 0, pretend = 0, frame = 80
 115              		@ frame_needed = 0, uses_anonymous_args = 0
 116 0000 10B5     		push	{r4, lr}
 117              	.LCFI2:
 118              		.cfi_def_cfa_offset 8
 119              		.cfi_offset 4, -8
 120              		.cfi_offset 14, -4
 121 0002 94B0     		sub	sp, sp, #80
 122              	.LCFI3:
 123              		.cfi_def_cfa_offset 88
 110:Core/Src/main.c ****   RCC_ClkInitTypeDef RCC_ClkInitStruct = {0};
 124              		.loc 1 110 3 view .LVU16
 110:Core/Src/main.c ****   RCC_ClkInitTypeDef RCC_ClkInitStruct = {0};
 125              		.loc 1 110 22 is_stmt 0 view .LVU17
 126 0004 3822     		movs	r2, #56
 127 0006 0021     		movs	r1, #0
ARM GAS  C:\Users\rex98\AppData\Local\Temp\cce8Pu1o.s 			page 10


 128 0008 06A8     		add	r0, sp, #24
 129 000a FFF7FEFF 		bl	memset
 130              	.LVL0:
 111:Core/Src/main.c **** 
 131              		.loc 1 111 3 is_stmt 1 view .LVU18
 111:Core/Src/main.c **** 
 132              		.loc 1 111 22 is_stmt 0 view .LVU19
 133 000e 0024     		movs	r4, #0
 134 0010 0194     		str	r4, [sp, #4]
 135 0012 0294     		str	r4, [sp, #8]
 136 0014 0394     		str	r4, [sp, #12]
 137 0016 0494     		str	r4, [sp, #16]
 138 0018 0594     		str	r4, [sp, #20]
 115:Core/Src/main.c **** 
 139              		.loc 1 115 3 is_stmt 1 view .LVU20
 140 001a 4FF40070 		mov	r0, #512
 141 001e FFF7FEFF 		bl	HAL_PWREx_ControlVoltageScaling
 142              	.LVL1:
 120:Core/Src/main.c ****   RCC_OscInitStruct.HSIState = RCC_HSI_ON;
 143              		.loc 1 120 3 view .LVU21
 120:Core/Src/main.c ****   RCC_OscInitStruct.HSIState = RCC_HSI_ON;
 144              		.loc 1 120 36 is_stmt 0 view .LVU22
 145 0022 0223     		movs	r3, #2
 146 0024 0693     		str	r3, [sp, #24]
 121:Core/Src/main.c ****   RCC_OscInitStruct.HSICalibrationValue = RCC_HSICALIBRATION_DEFAULT;
 147              		.loc 1 121 3 is_stmt 1 view .LVU23
 121:Core/Src/main.c ****   RCC_OscInitStruct.HSICalibrationValue = RCC_HSICALIBRATION_DEFAULT;
 148              		.loc 1 121 30 is_stmt 0 view .LVU24
 149 0026 4FF48073 		mov	r3, #256
 150 002a 0993     		str	r3, [sp, #36]
 122:Core/Src/main.c ****   RCC_OscInitStruct.PLL.PLLState = RCC_PLL_NONE;
 151              		.loc 1 122 3 is_stmt 1 view .LVU25
 122:Core/Src/main.c ****   RCC_OscInitStruct.PLL.PLLState = RCC_PLL_NONE;
 152              		.loc 1 122 41 is_stmt 0 view .LVU26
 153 002c 4023     		movs	r3, #64
 154 002e 0A93     		str	r3, [sp, #40]
 123:Core/Src/main.c ****   if (HAL_RCC_OscConfig(&RCC_OscInitStruct) != HAL_OK)
 155              		.loc 1 123 3 is_stmt 1 view .LVU27
 123:Core/Src/main.c ****   if (HAL_RCC_OscConfig(&RCC_OscInitStruct) != HAL_OK)
 156              		.loc 1 123 34 is_stmt 0 view .LVU28
 157 0030 0D94     		str	r4, [sp, #52]
 124:Core/Src/main.c ****   {
 158              		.loc 1 124 3 is_stmt 1 view .LVU29
 124:Core/Src/main.c ****   {
 159              		.loc 1 124 7 is_stmt 0 view .LVU30
 160 0032 06A8     		add	r0, sp, #24
 161 0034 FFF7FEFF 		bl	HAL_RCC_OscConfig
 162              	.LVL2:
 124:Core/Src/main.c ****   {
 163              		.loc 1 124 6 discriminator 1 view .LVU31
 164 0038 68B9     		cbnz	r0, .L11
 131:Core/Src/main.c ****                               |RCC_CLOCKTYPE_PCLK1|RCC_CLOCKTYPE_PCLK2;
 165              		.loc 1 131 3 is_stmt 1 view .LVU32
 131:Core/Src/main.c ****                               |RCC_CLOCKTYPE_PCLK1|RCC_CLOCKTYPE_PCLK2;
 166              		.loc 1 131 31 is_stmt 0 view .LVU33
 167 003a 0F23     		movs	r3, #15
 168 003c 0193     		str	r3, [sp, #4]
ARM GAS  C:\Users\rex98\AppData\Local\Temp\cce8Pu1o.s 			page 11


 133:Core/Src/main.c ****   RCC_ClkInitStruct.AHBCLKDivider = RCC_SYSCLK_DIV1;
 169              		.loc 1 133 3 is_stmt 1 view .LVU34
 133:Core/Src/main.c ****   RCC_ClkInitStruct.AHBCLKDivider = RCC_SYSCLK_DIV1;
 170              		.loc 1 133 34 is_stmt 0 view .LVU35
 171 003e 0123     		movs	r3, #1
 172 0040 0293     		str	r3, [sp, #8]
 134:Core/Src/main.c ****   RCC_ClkInitStruct.APB1CLKDivider = RCC_HCLK_DIV1;
 173              		.loc 1 134 3 is_stmt 1 view .LVU36
 134:Core/Src/main.c ****   RCC_ClkInitStruct.APB1CLKDivider = RCC_HCLK_DIV1;
 174              		.loc 1 134 35 is_stmt 0 view .LVU37
 175 0042 0021     		movs	r1, #0
 176 0044 0391     		str	r1, [sp, #12]
 135:Core/Src/main.c ****   RCC_ClkInitStruct.APB2CLKDivider = RCC_HCLK_DIV1;
 177              		.loc 1 135 3 is_stmt 1 view .LVU38
 135:Core/Src/main.c ****   RCC_ClkInitStruct.APB2CLKDivider = RCC_HCLK_DIV1;
 178              		.loc 1 135 36 is_stmt 0 view .LVU39
 179 0046 0491     		str	r1, [sp, #16]
 136:Core/Src/main.c **** 
 180              		.loc 1 136 3 is_stmt 1 view .LVU40
 136:Core/Src/main.c **** 
 181              		.loc 1 136 36 is_stmt 0 view .LVU41
 182 0048 0591     		str	r1, [sp, #20]
 138:Core/Src/main.c ****   {
 183              		.loc 1 138 3 is_stmt 1 view .LVU42
 138:Core/Src/main.c ****   {
 184              		.loc 1 138 7 is_stmt 0 view .LVU43
 185 004a 01A8     		add	r0, sp, #4
 186 004c FFF7FEFF 		bl	HAL_RCC_ClockConfig
 187              	.LVL3:
 138:Core/Src/main.c ****   {
 188              		.loc 1 138 6 discriminator 1 view .LVU44
 189 0050 18B9     		cbnz	r0, .L12
 142:Core/Src/main.c **** 
 190              		.loc 1 142 1 view .LVU45
 191 0052 14B0     		add	sp, sp, #80
 192              	.LCFI4:
 193              		.cfi_remember_state
 194              		.cfi_def_cfa_offset 8
 195              		@ sp needed
 196 0054 10BD     		pop	{r4, pc}
 197              	.L11:
 198              	.LCFI5:
 199              		.cfi_restore_state
 126:Core/Src/main.c ****   }
 200              		.loc 1 126 5 is_stmt 1 view .LVU46
 201 0056 FFF7FEFF 		bl	Error_Handler
 202              	.LVL4:
 203              	.L12:
 140:Core/Src/main.c ****   }
 204              		.loc 1 140 5 view .LVU47
 205 005a FFF7FEFF 		bl	Error_Handler
 206              	.LVL5:
 207              		.cfi_endproc
 208              	.LFE133:
 210              		.section	.text.main,"ax",%progbits
 211              		.align	1
 212              		.global	main
ARM GAS  C:\Users\rex98\AppData\Local\Temp\cce8Pu1o.s 			page 12


 213              		.syntax unified
 214              		.thumb
 215              		.thumb_func
 217              	main:
 218              	.LFB132:
  65:Core/Src/main.c **** 
 219              		.loc 1 65 1 view -0
 220              		.cfi_startproc
 221              		@ Volatile: function does not return.
 222              		@ args = 0, pretend = 0, frame = 0
 223              		@ frame_needed = 0, uses_anonymous_args = 0
 224 0000 08B5     		push	{r3, lr}
 225              	.LCFI6:
 226              		.cfi_def_cfa_offset 8
 227              		.cfi_offset 3, -8
 228              		.cfi_offset 14, -4
  74:Core/Src/main.c **** 
 229              		.loc 1 74 3 view .LVU49
 230 0002 FFF7FEFF 		bl	HAL_Init
 231              	.LVL6:
  81:Core/Src/main.c **** 
 232              		.loc 1 81 3 view .LVU50
 233 0006 FFF7FEFF 		bl	SystemClock_Config
 234              	.LVL7:
  88:Core/Src/main.c ****   /* USER CODE BEGIN 2 */
 235              		.loc 1 88 3 view .LVU51
 236 000a FFF7FEFF 		bl	MX_GPIO_Init
 237              	.LVL8:
 238              	.L14:
  95:Core/Src/main.c ****   {
 239              		.loc 1 95 3 view .LVU52
 100:Core/Src/main.c ****   /* USER CODE END 3 */
 240              		.loc 1 100 3 view .LVU53
  95:Core/Src/main.c ****   {
 241              		.loc 1 95 9 view .LVU54
 242 000e FEE7     		b	.L14
 243              		.cfi_endproc
 244              	.LFE132:
 246              		.text
 247              	.Letext0:
 248              		.file 3 "C:\\ST\\STM32CubeCLT_1.20.0\\GNU-tools-for-STM32\\bin/../lib/gcc/arm-none-eabi/13.3.1/../
 249              		.file 4 "C:\\ST\\STM32CubeCLT_1.20.0\\GNU-tools-for-STM32\\bin/../lib/gcc/arm-none-eabi/13.3.1/../
 250              		.file 5 "Drivers/CMSIS/Device/ST/STM32G4xx/Include/stm32g474xx.h"
 251              		.file 6 "Drivers/STM32G4xx_HAL_Driver/Inc/stm32g4xx_hal_def.h"
 252              		.file 7 "Drivers/STM32G4xx_HAL_Driver/Inc/stm32g4xx_hal_rcc.h"
 253              		.file 8 "Drivers/STM32G4xx_HAL_Driver/Inc/stm32g4xx_hal_pwr_ex.h"
 254              		.file 9 "Drivers/STM32G4xx_HAL_Driver/Inc/stm32g4xx_hal.h"
 255              		.file 10 "<built-in>"
ARM GAS  C:\Users\rex98\AppData\Local\Temp\cce8Pu1o.s 			page 13


DEFINED SYMBOLS
                            *ABS*:00000000 main.c
C:\Users\rex98\AppData\Local\Temp\cce8Pu1o.s:21     .text.MX_GPIO_Init:00000000 $t
C:\Users\rex98\AppData\Local\Temp\cce8Pu1o.s:26     .text.MX_GPIO_Init:00000000 MX_GPIO_Init
C:\Users\rex98\AppData\Local\Temp\cce8Pu1o.s:61     .text.MX_GPIO_Init:0000001c $d
C:\Users\rex98\AppData\Local\Temp\cce8Pu1o.s:66     .text.Error_Handler:00000000 $t
C:\Users\rex98\AppData\Local\Temp\cce8Pu1o.s:72     .text.Error_Handler:00000000 Error_Handler
C:\Users\rex98\AppData\Local\Temp\cce8Pu1o.s:104    .text.SystemClock_Config:00000000 $t
C:\Users\rex98\AppData\Local\Temp\cce8Pu1o.s:110    .text.SystemClock_Config:00000000 SystemClock_Config
C:\Users\rex98\AppData\Local\Temp\cce8Pu1o.s:211    .text.main:00000000 $t
C:\Users\rex98\AppData\Local\Temp\cce8Pu1o.s:217    .text.main:00000000 main

UNDEFINED SYMBOLS
memset
HAL_PWREx_ControlVoltageScaling
HAL_RCC_OscConfig
HAL_RCC_ClockConfig
HAL_Init
